Build started 20/12/2015 18:10:04.
     1>Project "C:\Users\javie_000\PhotonMapping\SmallPM\SmallPM_vs2010.vcxproj" on node 2 (Build target(s)).
     1>ClCompile:
         C:\Program Files (x86)\Microsoft Visual Studio 12.0\VC\bin\CL.exe /c /I.\include /I.\SmallRT\include /I.\SmallPM\SmallRT\include /I.\SmallPM\include /ZI /nologo /W3 /WX- /Od /Oy- /D WIN32 /D _DEBUG /D _CONSOLE /D _UNICODE /D UNICODE /Gm /EHsc /RTC1 /MDd /GS /fp:precise /Zc:wchar_t /Zc:forScope /Fo"Debug\\" /Fd"Debug\vc120.pdb" /Gd /TP /analyze- /errorReport:prompt src\PhotonMapping.cpp
         PhotonMapping.cpp
     1>c:\users\javie_000\photonmapping\smallpm\smallrt\include\ray.h(26): warning C4305: 'initializing' : truncation from 'double' to 'const float'
     1>c:\users\javie_000\photonmapping\smallpm\src\photonmapping.cpp(106): warning C4244: 'argument' : conversion from 'double' to 'const float', possible loss of data
     1>c:\users\javie_000\photonmapping\smallpm\src\photonmapping.cpp(164): warning C4244: 'argument' : conversion from 'double' to 'const float', possible loss of data
       Link:
         C:\Program Files (x86)\Microsoft Visual Studio 12.0\VC\bin\link.exe /ERRORREPORT:PROMPT /OUT:"C:\Users\javie_000\PhotonMapping\Debug\SmallPM.exe" /INCREMENTAL:NO /NOLOGO /LIBPATH:.\SmallRT\lib /LIBPATH:.\SmallPM\SmallRT\lib SmallRTd_vs2013.lib kernel32.lib user32.lib gdi32.lib winspool.lib comdlg32.lib advapi32.lib shell32.lib ole32.lib oleaut32.lib uuid.lib odbc32.lib odbccp32.lib /MANIFEST /MANIFESTUAC:"level='asInvoker' uiAccess='false'" /manifest:embed /DEBUG /PDB:"C:\Users\javie_000\PhotonMapping\Debug\SmallPM.pdb" /SUBSYSTEM:CONSOLE /TLBID:1 /DYNAMICBASE /NXCOMPAT /IMPLIB:"C:\Users\javie_000\PhotonMapping\Debug\SmallPM.lib" /MACHINE:X86 /SAFESEH Debug\main.obj
         Debug\PhotonMapping.obj
         Debug\RenderEngine.obj
     1>LINK : fatal error LNK1104: cannot open file 'C:\Users\javie_000\PhotonMapping\Debug\SmallPM.exe'
     1>Done Building Project "C:\Users\javie_000\PhotonMapping\SmallPM\SmallPM_vs2010.vcxproj" (Build target(s)) -- FAILED.

Build FAILED.

Time Elapsed 00:00:01.35
